<?xml version="1.0" encoding="UTF-8"?>
<!-- Generated by org.testng.reporters.JUnitReportReporter -->
<testsuite skipped="0" hostname="DESKTOP-N7G24QF" name="com.inetbanking.utilites.XLUtils" tests="1" failures="0" timestamp="2021-07-27T10:51:46 GST" time="0.475" errors="0">
  <testcase name="dataDrivenExcel" time="0.475" classname="com.inetbanking.utilites.XLUtils"/>
  <system-out/>
</testsuite> <!-- com.inetbanking.utilites.XLUtils -->
