<?xml version="1.0" encoding="UTF-8"?>
<!-- Generated by org.testng.reporters.JUnitReportReporter -->
<testsuite skipped="0" hostname="DESKTOP-N7G24QF" name="com.inetbanking.testcases.TC_AddCustomerTest_003" tests="1" failures="0" timestamp="2021-07-27T18:06:29 GST" time="15.465" errors="0">
  <testcase name="addNewCustomer" time="15.465" classname="com.inetbanking.testcases.TC_AddCustomerTest_003"/>
  <system-out/>
</testsuite> <!-- com.inetbanking.testcases.TC_AddCustomerTest_003 -->
