<?xml version="1.0" encoding="UTF-8"?>
<!-- Generated by org.testng.reporters.JUnitReportReporter -->
<testsuite skipped="0" hostname="DESKTOP-N7G24QF" name="com.inetbanking.testcases.TC_LoginTest_001" tests="1" failures="0" timestamp="2021-07-27T18:16:12 GST" time="11.584" errors="0">
  <testcase name="loginTest" time="11.584" classname="com.inetbanking.testcases.TC_LoginTest_001"/>
  <system-out/>
</testsuite> <!-- com.inetbanking.testcases.TC_LoginTest_001 -->
